2026-03-06 18:09:18,029 INFO o.a.j.u.JMeterUtils: Setting Locale to en_EN
2026-03-06 18:09:18,067 INFO o.a.j.JMeter: Loading user properties from: /opt/jmeter/bin/user.properties
2026-03-06 18:09:18,068 INFO o.a.j.JMeter: Loading system properties from: /opt/jmeter/bin/system.properties
2026-03-06 18:09:18,086 INFO o.a.j.JMeter: Copyright (c) 1998-2024 The Apache Software Foundation
2026-03-06 18:09:18,087 INFO o.a.j.JMeter: Version 5.6.3
2026-03-06 18:09:18,087 INFO o.a.j.JMeter: java.version=25.0.2
2026-03-06 18:09:18,087 INFO o.a.j.JMeter: java.vm.name=OpenJDK 64-Bit Server VM
2026-03-06 18:09:18,088 INFO o.a.j.JMeter: os.name=Linux
2026-03-06 18:09:18,088 INFO o.a.j.JMeter: os.arch=aarch64
2026-03-06 18:09:18,088 INFO o.a.j.JMeter: os.version=6.6.119-0-virt
2026-03-06 18:09:18,088 INFO o.a.j.JMeter: file.encoding=UTF-8
2026-03-06 18:09:18,088 INFO o.a.j.JMeter: java.awt.headless=true
2026-03-06 18:09:18,088 INFO o.a.j.JMeter: Max memory     =1073741824
2026-03-06 18:09:18,089 INFO o.a.j.JMeter: Available Processors =2
2026-03-06 18:09:18,116 INFO o.a.j.JMeter: Default Locale=English (EN)
2026-03-06 18:09:18,116 INFO o.a.j.JMeter: JMeter  Locale=English (EN)
2026-03-06 18:09:18,119 INFO o.a.j.JMeter: JMeterHome=/opt/jmeter
2026-03-06 18:09:18,119 INFO o.a.j.JMeter: user.dir  =/project
2026-03-06 18:09:18,119 INFO o.a.j.JMeter: PWD       =/project
2026-03-06 18:09:18,119 INFO o.a.j.JMeter: IP: 172.17.0.2 Name: d85a7024fcab FullName: d85a7024fcab
2026-03-06 18:09:18,137 INFO o.a.j.s.FileServer: Default base='/project'
2026-03-06 18:09:18,138 INFO o.a.j.s.FileServer: Set new base='/project/tests'
2026-03-06 18:09:18,530 INFO o.a.j.s.SaveService: Testplan (JMX) version: 2.2. Testlog (JTL) version: 2.2
2026-03-06 18:09:18,566 INFO o.a.j.s.SaveService: Using SaveService properties version 5.0
2026-03-06 18:09:18,568 INFO o.a.j.s.SaveService: Using SaveService properties file encoding UTF-8
2026-03-06 18:09:18,573 INFO o.a.j.s.SaveService: Loading file: /project/tests/test.jmx
2026-03-06 18:09:18,625 INFO o.a.j.p.h.c.CookieManager: Settings: Delete null: true Check: true Allow variable: true Save: false Prefix: COOKIE_
2026-03-06 18:09:18,637 INFO o.a.j.p.h.s.HTTPSamplerBase: Parser for text/html is org.apache.jmeter.protocol.http.parser.LagartoBasedHtmlParser
2026-03-06 18:09:18,638 INFO o.a.j.p.h.s.HTTPSamplerBase: Parser for application/xhtml+xml is org.apache.jmeter.protocol.http.parser.LagartoBasedHtmlParser
2026-03-06 18:09:18,638 INFO o.a.j.p.h.s.HTTPSamplerBase: Parser for application/xml is org.apache.jmeter.protocol.http.parser.LagartoBasedHtmlParser
2026-03-06 18:09:18,638 INFO o.a.j.p.h.s.HTTPSamplerBase: Parser for text/xml is org.apache.jmeter.protocol.http.parser.LagartoBasedHtmlParser
2026-03-06 18:09:18,638 INFO o.a.j.p.h.s.HTTPSamplerBase: Parser for text/vnd.wap.wml is org.apache.jmeter.protocol.http.parser.RegexpHTMLParser
2026-03-06 18:09:18,638 INFO o.a.j.p.h.s.HTTPSamplerBase: Parser for text/css is org.apache.jmeter.protocol.http.parser.CssParser
2026-03-06 18:09:18,648 INFO o.a.j.s.SampleResult: Note: Sample TimeStamps are START times
2026-03-06 18:09:18,651 INFO o.a.j.s.SampleResult: sampleresult.default.encoding is set to UTF-8
2026-03-06 18:09:18,652 INFO o.a.j.s.SampleResult: sampleresult.useNanoTime=true
2026-03-06 18:09:18,653 INFO o.a.j.s.SampleResult: sampleresult.nanoThreadSleep=5000
2026-03-06 18:09:18,670 INFO o.a.j.JMeter: Creating summariser <summary>
2026-03-06 18:09:18,695 INFO o.a.j.e.StandardJMeterEngine: Running the test!
2026-03-06 18:09:18,697 INFO o.a.j.s.SampleEvent: List of sample_variables: []
2026-03-06 18:09:18,697 INFO o.a.j.s.SampleEvent: List of sample_variables: []
2026-03-06 18:09:18,700 INFO o.a.j.e.u.CompoundVariable: Note: Function class names must contain the string: '.functions.'
2026-03-06 18:09:18,700 INFO o.a.j.e.u.CompoundVariable: Note: Function class names must not contain the string: '.gui.'
2026-03-06 18:09:18,747 INFO o.a.j.r.ClassFinder: Will scan jar /opt/jmeter/lib/ext/jmeter-plugins-dummy-0.4.jar with filter ExtendsClassFilter [parents=[interface org.apache.jmeter.functions.Function], inner=false, contains=null, notContains=null]. Consider exposing JMeter plugins via META-INF/services, and add JMeter-Skip-Class-Scanning=true manifest attribute so JMeter can skip classfile scanning
2026-03-06 18:09:18,749 INFO o.a.j.r.ClassFinder: Will scan jar /opt/jmeter/lib/ext/jmeter-plugins-manager-1.10.jar with filter ExtendsClassFilter [parents=[interface org.apache.jmeter.functions.Function], inner=false, contains=null, notContains=null]. Consider exposing JMeter plugins via META-INF/services, and add JMeter-Skip-Class-Scanning=true manifest attribute so JMeter can skip classfile scanning
2026-03-06 18:09:18,829 INFO o.a.j.r.ClassFinder: Will scan jar /opt/jmeter/lib/ext/jmeter-plugins-tst-2.6.jar with filter ExtendsClassFilter [parents=[interface org.apache.jmeter.functions.Function], inner=false, contains=null, notContains=null]. Consider exposing JMeter plugins via META-INF/services, and add JMeter-Skip-Class-Scanning=true manifest attribute so JMeter can skip classfile scanning
2026-03-06 18:09:18,835 INFO o.a.j.r.ClassFinder: Will scan jar /opt/jmeter/lib/ext/jmeter-plugins-casutg-2.10.jar with filter ExtendsClassFilter [parents=[interface org.apache.jmeter.functions.Function], inner=false, contains=null, notContains=null]. Consider exposing JMeter plugins via META-INF/services, and add JMeter-Skip-Class-Scanning=true manifest attribute so JMeter can skip classfile scanning
2026-03-06 18:09:18,839 INFO o.a.j.r.ClassFinder: Will scan jar /opt/jmeter/lib/ext/amqp-client-5.20.0.jar with filter ExtendsClassFilter [parents=[interface org.apache.jmeter.functions.Function], inner=false, contains=null, notContains=null]. Consider exposing JMeter plugins via META-INF/services, and add JMeter-Skip-Class-Scanning=true manifest attribute so JMeter can skip classfile scanning
2026-03-06 18:09:18,864 INFO o.a.j.r.ClassFinder: Will scan jar /opt/jmeter/lib/ext/ucp-23.3.0.23.09.jar with filter ExtendsClassFilter [parents=[interface org.apache.jmeter.functions.Function], inner=false, contains=null, notContains=null]. Consider exposing JMeter plugins via META-INF/services, and add JMeter-Skip-Class-Scanning=true manifest attribute so JMeter can skip classfile scanning
2026-03-06 18:09:18,931 INFO o.a.j.r.ClassFinder: Will scan jar /opt/jmeter/lib/ext/ojdbc8-21.4.0.0.1.jar with filter ExtendsClassFilter [parents=[interface org.apache.jmeter.functions.Function], inner=false, contains=null, notContains=null]. Consider exposing JMeter plugins via META-INF/services, and add JMeter-Skip-Class-Scanning=true manifest attribute so JMeter can skip classfile scanning
2026-03-06 18:09:19,181 INFO o.a.j.r.ClassFinder: Will scan jar /opt/jmeter/lib/ext/jmeter-plugins-random-csv-data-set-0.8.jar with filter ExtendsClassFilter [parents=[interface org.apache.jmeter.functions.Function], inner=false, contains=null, notContains=null]. Consider exposing JMeter plugins via META-INF/services, and add JMeter-Skip-Class-Scanning=true manifest attribute so JMeter can skip classfile scanning
2026-03-06 18:09:19,188 INFO o.a.j.r.ClassFinder: Will scan jar /opt/jmeter/lib/ext/awsmeter-3.0.0.jar with filter ExtendsClassFilter [parents=[interface org.apache.jmeter.functions.Function], inner=false, contains=null, notContains=null]. Consider exposing JMeter plugins via META-INF/services, and add JMeter-Skip-Class-Scanning=true manifest attribute so JMeter can skip classfile scanning
2026-03-06 18:09:20,630 INFO o.a.j.JMeter: Running test (1772820560630)
2026-03-06 18:09:20,673 INFO o.a.j.e.StandardJMeterEngine: Starting ThreadGroup: 1 : Thread Group
2026-03-06 18:09:20,674 INFO o.a.j.e.StandardJMeterEngine: Starting 1 threads for group Thread Group.
2026-03-06 18:09:20,674 INFO o.a.j.e.StandardJMeterEngine: Thread will continue on error
2026-03-06 18:09:20,674 INFO o.a.j.t.ThreadGroup: Starting thread group... number=1 threads=1 ramp-up=1 delayedStart=false
2026-03-06 18:09:20,679 INFO o.a.j.t.ThreadGroup: Started thread group number 1
2026-03-06 18:09:20,685 INFO o.a.j.e.StandardJMeterEngine: All thread groups have been started
2026-03-06 18:09:21,540 INFO o.a.j.t.JMeterThread: Thread started: Thread Group 1-1
2026-03-06 18:09:21,541 INFO o.a.j.s.FileServer: Stored: /project/tests/data/user.csv
2026-03-06 18:09:22,060 INFO o.a.j.p.h.s.HTTPHCAbstractImpl: Local host = d85a7024fcab
2026-03-06 18:09:22,063 INFO o.a.j.p.h.s.HTTPHC4Impl: HTTP request retry count = 0
2026-03-06 18:09:22,088 INFO o.a.j.p.h.s.h.LazyLayeredConnectionSocketFactory: Setting up HTTPS TrustAll Socket Factory
2026-03-06 18:09:22,091 INFO o.a.j.u.JsseSSLManager: Using default SSL protocol: TLS
2026-03-06 18:09:22,091 INFO o.a.j.u.JsseSSLManager: SSL session context: per-thread
2026-03-06 18:09:22,281 INFO o.a.j.u.SSLManager: JmeterKeyStore Location:  type JKS
2026-03-06 18:09:22,290 INFO o.a.j.u.SSLManager: KeyStore created OK
2026-03-06 18:09:22,290 WARN o.a.j.u.SSLManager: Keystore file not found, loading empty keystore
2026-03-06 18:09:23,036 INFO o.a.j.t.JMeterThread: Thread is done: Thread Group 1-1
2026-03-06 18:09:23,036 INFO o.a.j.t.JMeterThread: Thread finished: Thread Group 1-1
2026-03-06 18:09:23,043 INFO o.a.j.e.StandardJMeterEngine: Notifying test listeners of end of test
2026-03-06 18:09:23,043 INFO o.a.j.s.FileServer: Close: /project/tests/data/user.csv
2026-03-06 18:09:23,045 INFO o.a.j.r.Summariser: summary =      2 in 00:00:02 =    0.8/s Avg:   479 Min:   132 Max:   826 Err:     0 (0.00%)
